[debug] [2025-05-06T19:06:25.521Z] ----------------------------------------------------------------------
[debug] [2025-05-06T19:06:25.542Z] Command:       /usr/local/bin/node /usr/local/bin/firebase init
[debug] [2025-05-06T19:06:25.543Z] CLI Version:   14.2.2
[debug] [2025-05-06T19:06:25.544Z] Platform:      darwin
[debug] [2025-05-06T19:06:25.544Z] Node Version:  v20.11.1
[debug] [2025-05-06T19:06:25.556Z] Time:          Tue May 06 2025 15:06:25 GMT-0400 (Eastern Daylight Time)
[debug] [2025-05-06T19:06:25.556Z] ----------------------------------------------------------------------
[debug] 
[debug] [2025-05-06T19:06:25.583Z] > command requires scopes: ["email","openid","https://www.googleapis.com/auth/cloudplatformprojects.readonly","https://www.googleapis.com/auth/firebase","https://www.googleapis.com/auth/cloud-platform"]
[debug] [2025-05-06T19:06:25.584Z] > authorizing via signed-in user (pratishshelar961992@gmail.com)
[info] 
     ######## #### ########  ######## ########     ###     ######  ########
     ##        ##  ##     ## ##       ##     ##  ##   ##  ##       ##
     ######    ##  ########  ######   ########  #########  ######  ######
     ##        ##  ##    ##  ##       ##     ## ##     ##       ## ##
     ##       #### ##     ## ######## ########  ##     ##  ######  ########

You're about to initialize a Firebase project in this directory:

  /Users/admin/Desktop/New Folder With Items/Painting Website/amitpaints

[info] 
=== Project Setup
[info] 
[info] First, let's associate this project directory with a Firebase project.
[info] You can create multiple project aliases by running firebase use --add, 
[info] but for now we'll just set up a default project.
[info] 
[info] i  If you want to create a project in a Google Cloud organization or folder, please use "firebase projects:create" instead, and return to this command when you've created the project. 
[debug] [2025-05-06T19:07:19.506Z] Checked if tokens are valid: false, expires at: 1735014157831
[debug] [2025-05-06T19:07:19.506Z] Checked if tokens are valid: false, expires at: 1735014157831
[debug] [2025-05-06T19:07:19.507Z] > refreshing access token with scopes: []
[debug] [2025-05-06T19:07:19.509Z] >>> [apiv2][query] POST https://www.googleapis.com/oauth2/v3/token [none]
[debug] [2025-05-06T19:07:19.510Z] >>> [apiv2][body] POST https://www.googleapis.com/oauth2/v3/token [omitted]
[debug] [2025-05-06T19:07:19.817Z] <<< [apiv2][status] POST https://www.googleapis.com/oauth2/v3/token 200
[debug] [2025-05-06T19:07:19.817Z] <<< [apiv2][body] POST https://www.googleapis.com/oauth2/v3/token [omitted]
[debug] [2025-05-06T19:07:19.839Z] >>> [apiv2][query] POST https://cloudresourcemanager.googleapis.com/v1/projects [none]
[debug] [2025-05-06T19:07:19.839Z] >>> [apiv2][body] POST https://cloudresourcemanager.googleapis.com/v1/projects {"projectId":"painting","name":"painting"}
[debug] [2025-05-06T19:07:20.209Z] <<< [apiv2][status] POST https://cloudresourcemanager.googleapis.com/v1/projects 409
[debug] [2025-05-06T19:07:20.210Z] <<< [apiv2][body] POST https://cloudresourcemanager.googleapis.com/v1/projects {"error":{"code":409,"message":"Requested entity already exists","status":"ALREADY_EXISTS"}}
[debug] [2025-05-06T19:07:20.330Z] FirebaseError: Request to https://cloudresourcemanager.googleapis.com/v1/projects had HTTP Error: 409, Requested entity already exists
    at responseToError (/usr/local/lib/node_modules/firebase-tools/lib/responseToError.js:52:12)
    at RetryOperation._fn (/usr/local/lib/node_modules/firebase-tools/lib/apiv2.js:312:77)
    at process.processTicksAndRejections (node:internal/process/task_queues:95:5)
[error] 
[error] Error: Failed to create project because there is already a project with ID painting. Please try again with a unique project ID.
[debug] [2025-05-06T19:07:30.911Z] ----------------------------------------------------------------------
[debug] [2025-05-06T19:07:30.915Z] Command:       /usr/local/bin/node /usr/local/bin/firebase init
[debug] [2025-05-06T19:07:30.916Z] CLI Version:   14.2.2
[debug] [2025-05-06T19:07:30.916Z] Platform:      darwin
[debug] [2025-05-06T19:07:30.916Z] Node Version:  v20.11.1
[debug] [2025-05-06T19:07:30.916Z] Time:          Tue May 06 2025 15:07:30 GMT-0400 (Eastern Daylight Time)
[debug] [2025-05-06T19:07:30.916Z] ----------------------------------------------------------------------
[debug] 
[debug] [2025-05-06T19:07:30.921Z] > command requires scopes: ["email","openid","https://www.googleapis.com/auth/cloudplatformprojects.readonly","https://www.googleapis.com/auth/firebase","https://www.googleapis.com/auth/cloud-platform"]
[debug] [2025-05-06T19:07:30.922Z] > authorizing via signed-in user (pratishshelar961992@gmail.com)
[info] 
     ######## #### ########  ######## ########     ###     ######  ########
     ##        ##  ##     ## ##       ##     ##  ##   ##  ##       ##
     ######    ##  ########  ######   ########  #########  ######  ######
     ##        ##  ##    ##  ##       ##     ## ##     ##       ## ##
     ##       #### ##     ## ######## ########  ##     ##  ######  ########

You're about to initialize a Firebase project in this directory:

  /Users/admin/Desktop/New Folder With Items/Painting Website/amitpaints

[info] 
=== Project Setup
[info] 
[info] First, let's associate this project directory with a Firebase project.
[info] You can create multiple project aliases by running firebase use --add, 
[info] but for now we'll just set up a default project.
[info] 
[info] i  If you want to create a project in a Google Cloud organization or folder, please use "firebase projects:create" instead, and return to this command when you've created the project. 
[debug] [2025-05-06T19:07:48.637Z] Checked if tokens are valid: true, expires at: 1746562038818
[debug] [2025-05-06T19:07:48.637Z] Checked if tokens are valid: true, expires at: 1746562038818
[debug] [2025-05-06T19:07:48.639Z] >>> [apiv2][query] POST https://cloudresourcemanager.googleapis.com/v1/projects [none]
[debug] [2025-05-06T19:07:48.639Z] >>> [apiv2][body] POST https://cloudresourcemanager.googleapis.com/v1/projects {"projectId":"amitpaints","name":"amitpaints"}
[debug] [2025-05-06T19:07:49.050Z] <<< [apiv2][status] POST https://cloudresourcemanager.googleapis.com/v1/projects 200
[debug] [2025-05-06T19:07:49.051Z] <<< [apiv2][body] POST https://cloudresourcemanager.googleapis.com/v1/projects {"name":"operations/create_project.global.7459117366151718909"}
[debug] [2025-05-06T19:07:49.052Z] Checked if tokens are valid: true, expires at: 1746562038818
[debug] [2025-05-06T19:07:49.052Z] Checked if tokens are valid: true, expires at: 1746562038818
[debug] [2025-05-06T19:07:49.052Z] >>> [apiv2][query] GET https://cloudresourcemanager.googleapis.com/v1/operations/create_project.global.7459117366151718909 [none]
[debug] [2025-05-06T19:07:49.266Z] <<< [apiv2][status] GET https://cloudresourcemanager.googleapis.com/v1/operations/create_project.global.7459117366151718909 200
[debug] [2025-05-06T19:07:49.266Z] <<< [apiv2][body] GET https://cloudresourcemanager.googleapis.com/v1/operations/create_project.global.7459117366151718909 {"name":"operations/create_project.global.7459117366151718909"}
[debug] [2025-05-06T19:07:49.767Z] [Project Creation Poller] Retrying task index 0
[debug] [2025-05-06T19:07:49.768Z] Checked if tokens are valid: true, expires at: 1746562038818
[debug] [2025-05-06T19:07:49.768Z] Checked if tokens are valid: true, expires at: 1746562038818
[debug] [2025-05-06T19:07:49.768Z] >>> [apiv2][query] GET https://cloudresourcemanager.googleapis.com/v1/operations/create_project.global.7459117366151718909 [none]
[debug] [2025-05-06T19:07:49.854Z] <<< [apiv2][status] GET https://cloudresourcemanager.googleapis.com/v1/operations/create_project.global.7459117366151718909 200
[debug] [2025-05-06T19:07:49.854Z] <<< [apiv2][body] GET https://cloudresourcemanager.googleapis.com/v1/operations/create_project.global.7459117366151718909 {"name":"operations/create_project.global.7459117366151718909"}
[debug] [2025-05-06T19:07:50.854Z] [Project Creation Poller] Retrying task index 0
[debug] [2025-05-06T19:07:50.855Z] Checked if tokens are valid: true, expires at: 1746562038818
[debug] [2025-05-06T19:07:50.855Z] Checked if tokens are valid: true, expires at: 1746562038818
[debug] [2025-05-06T19:07:50.855Z] >>> [apiv2][query] GET https://cloudresourcemanager.googleapis.com/v1/operations/create_project.global.7459117366151718909 [none]
[debug] [2025-05-06T19:07:51.008Z] <<< [apiv2][status] GET https://cloudresourcemanager.googleapis.com/v1/operations/create_project.global.7459117366151718909 200
[debug] [2025-05-06T19:07:51.008Z] <<< [apiv2][body] GET https://cloudresourcemanager.googleapis.com/v1/operations/create_project.global.7459117366151718909 {"name":"operations/create_project.global.7459117366151718909","metadata":{"@type":"type.googleapis.com/google.cloudresourcemanager.v1.ProjectCreationStatus","gettable":true,"ready":true},"done":true,"response":{"@type":"type.googleapis.com/google.cloudresourcemanager.v1.Project","projectNumber":"458664107594","projectId":"amitpaints","lifecycleState":"ACTIVE","name":"amitpaints","createTime":"2025-05-06T19:07:49.804877Z"}}
[debug] [2025-05-06T19:07:51.009Z] Checked if tokens are valid: true, expires at: 1746562038818
[debug] [2025-05-06T19:07:51.009Z] Checked if tokens are valid: true, expires at: 1746562038818
[debug] [2025-05-06T19:07:51.010Z] >>> [apiv2][query] POST https://firebase.googleapis.com/v1beta1/projects/amitpaints:addFirebase [none]
[debug] [2025-05-06T19:07:54.423Z] <<< [apiv2][status] POST https://firebase.googleapis.com/v1beta1/projects/amitpaints:addFirebase 200
[debug] [2025-05-06T19:07:54.423Z] <<< [apiv2][body] POST https://firebase.googleapis.com/v1beta1/projects/amitpaints:addFirebase {"name":"operations/workflows/OGQ0ZmJlY2MtOTJhNC00NWE4LThlYWItZmY0NmMzOWM1ZmUw"}
[debug] [2025-05-06T19:07:54.423Z] Checked if tokens are valid: true, expires at: 1746562038818
[debug] [2025-05-06T19:07:54.423Z] Checked if tokens are valid: true, expires at: 1746562038818
[debug] [2025-05-06T19:07:54.423Z] >>> [apiv2][query] GET https://firebase.googleapis.com/v1beta1/operations/workflows/OGQ0ZmJlY2MtOTJhNC00NWE4LThlYWItZmY0NmMzOWM1ZmUw [none]
[debug] [2025-05-06T19:08:00.576Z] <<< [apiv2][status] GET https://firebase.googleapis.com/v1beta1/operations/workflows/OGQ0ZmJlY2MtOTJhNC00NWE4LThlYWItZmY0NmMzOWM1ZmUw 200
[debug] [2025-05-06T19:08:00.576Z] <<< [apiv2][body] GET https://firebase.googleapis.com/v1beta1/operations/workflows/OGQ0ZmJlY2MtOTJhNC00NWE4LThlYWItZmY0NmMzOWM1ZmUw {"name":"operations/workflows/OGQ0ZmJlY2MtOTJhNC00NWE4LThlYWItZmY0NmMzOWM1ZmUw"}
[debug] [2025-05-06T19:08:01.077Z] [Add Firebase Poller] Retrying task index 0
[debug] [2025-05-06T19:08:01.078Z] Checked if tokens are valid: true, expires at: 1746562038818
[debug] [2025-05-06T19:08:01.078Z] Checked if tokens are valid: true, expires at: 1746562038818
[debug] [2025-05-06T19:08:01.078Z] >>> [apiv2][query] GET https://firebase.googleapis.com/v1beta1/operations/workflows/OGQ0ZmJlY2MtOTJhNC00NWE4LThlYWItZmY0NmMzOWM1ZmUw [none]
[debug] [2025-05-06T19:08:01.519Z] <<< [apiv2][status] GET https://firebase.googleapis.com/v1beta1/operations/workflows/OGQ0ZmJlY2MtOTJhNC00NWE4LThlYWItZmY0NmMzOWM1ZmUw 200
[debug] [2025-05-06T19:08:01.519Z] <<< [apiv2][body] GET https://firebase.googleapis.com/v1beta1/operations/workflows/OGQ0ZmJlY2MtOTJhNC00NWE4LThlYWItZmY0NmMzOWM1ZmUw {"name":"operations/workflows/OGQ0ZmJlY2MtOTJhNC00NWE4LThlYWItZmY0NmMzOWM1ZmUw"}
[debug] [2025-05-06T19:08:02.519Z] [Add Firebase Poller] Retrying task index 0
[debug] [2025-05-06T19:08:02.519Z] Checked if tokens are valid: true, expires at: 1746562038818
[debug] [2025-05-06T19:08:02.519Z] Checked if tokens are valid: true, expires at: 1746562038818
[debug] [2025-05-06T19:08:02.519Z] >>> [apiv2][query] GET https://firebase.googleapis.com/v1beta1/operations/workflows/OGQ0ZmJlY2MtOTJhNC00NWE4LThlYWItZmY0NmMzOWM1ZmUw [none]
[debug] [2025-05-06T19:08:02.776Z] <<< [apiv2][status] GET https://firebase.googleapis.com/v1beta1/operations/workflows/OGQ0ZmJlY2MtOTJhNC00NWE4LThlYWItZmY0NmMzOWM1ZmUw 200
[debug] [2025-05-06T19:08:02.776Z] <<< [apiv2][body] GET https://firebase.googleapis.com/v1beta1/operations/workflows/OGQ0ZmJlY2MtOTJhNC00NWE4LThlYWItZmY0NmMzOWM1ZmUw {"name":"operations/workflows/OGQ0ZmJlY2MtOTJhNC00NWE4LThlYWItZmY0NmMzOWM1ZmUw"}
[debug] [2025-05-06T19:08:04.777Z] [Add Firebase Poller] Retrying task index 0
[debug] [2025-05-06T19:08:04.777Z] Checked if tokens are valid: true, expires at: 1746562038818
[debug] [2025-05-06T19:08:04.778Z] Checked if tokens are valid: true, expires at: 1746562038818
[debug] [2025-05-06T19:08:04.778Z] >>> [apiv2][query] GET https://firebase.googleapis.com/v1beta1/operations/workflows/OGQ0ZmJlY2MtOTJhNC00NWE4LThlYWItZmY0NmMzOWM1ZmUw [none]
[debug] [2025-05-06T19:08:05.303Z] <<< [apiv2][status] GET https://firebase.googleapis.com/v1beta1/operations/workflows/OGQ0ZmJlY2MtOTJhNC00NWE4LThlYWItZmY0NmMzOWM1ZmUw 200
[debug] [2025-05-06T19:08:05.303Z] <<< [apiv2][body] GET https://firebase.googleapis.com/v1beta1/operations/workflows/OGQ0ZmJlY2MtOTJhNC00NWE4LThlYWItZmY0NmMzOWM1ZmUw {"name":"operations/workflows/OGQ0ZmJlY2MtOTJhNC00NWE4LThlYWItZmY0NmMzOWM1ZmUw","done":true,"response":{"@type":"type.googleapis.com/google.firebase.service.v1beta1.FirebaseProject","projectId":"amitpaints","projectNumber":"458664107594","displayName":"amitpaints","name":"projects/amitpaints","resources":{"hostingSite":"amitpaints"}}}
[info] 
[info] 🎉🎉🎉 Your Firebase project is ready! 🎉🎉🎉
[info] 
[info] Project information:
[info]    - Project ID: amitpaints
[info]    - Project Name: amitpaints
[info] 
[info] Firebase console is available at
[info] https://console.firebase.google.com/project/amitpaints/overview
[info] i  Using project amitpaints (amitpaints) 
[info] 
=== Hosting Setup
[debug] [2025-05-06T19:08:05.317Z] Checked if tokens are valid: true, expires at: 1746562038818
[debug] [2025-05-06T19:08:05.317Z] Checked if tokens are valid: true, expires at: 1746562038818
[debug] [2025-05-06T19:08:05.317Z] >>> [apiv2][query] GET https://firebase.googleapis.com/v1beta1/projects/amitpaints [none]
[debug] [2025-05-06T19:08:05.887Z] <<< [apiv2][status] GET https://firebase.googleapis.com/v1beta1/projects/amitpaints 200
[debug] [2025-05-06T19:08:05.887Z] <<< [apiv2][body] GET https://firebase.googleapis.com/v1beta1/projects/amitpaints {"projectId":"amitpaints","projectNumber":"458664107594","displayName":"amitpaints","name":"projects/amitpaints","resources":{"hostingSite":"amitpaints"},"state":"ACTIVE","etag":"1_7baaad49-14e2-4ea6-aca3-c8ab211312de"}
[info] 
[info] Your public directory is the folder (relative to your project directory) that
[info] will contain Hosting assets to be uploaded with firebase deploy. If you
[info] have a build process for your assets, use your build's output directory.
[info] 
[debug] [2025-05-06T19:08:37.452Z] >>> [apiv2][query] GET https://www.gstatic.com/firebasejs/releases.json [none]
[debug] [2025-05-06T19:08:37.530Z] <<< [apiv2][status] GET https://www.gstatic.com/firebasejs/releases.json 200
[debug] [2025-05-06T19:08:37.530Z] <<< [apiv2][body] GET https://www.gstatic.com/firebasejs/releases.json {"current":{"version":"11.6.1","browserURL":"https://www.gstatic.com/firebasejs/11.6.1/firebase.js","packageURL":"https://www.gstatic.com/firebasejs/11.6.1/firebase.tgz"},"live":{"version":"11.6","browserURL":"https://www.gstatic.com/firebasejs/live/11.6/firebase.js","packageURL":"https://www.gstatic.com/firebasejs/live/11.6/firebase.tgz"},"components":{"analytics":"https://www.gstatic.com/firebasejs/11.6.1/firebase-analytics.js","app":"https://www.gstatic.com/firebasejs/11.6.1/firebase-app.js","app-check":"https://www.gstatic.com/firebasejs/11.6.1/firebase-app-check.js","auth":"https://www.gstatic.com/firebasejs/11.6.1/firebase-auth.js","auth/cordova":"https://www.gstatic.com/firebasejs/11.6.1/firebase-auth/cordova.js","auth/web-extension":"https://www.gstatic.com/firebasejs/11.6.1/firebase-auth/web-extension.js","functions":"https://www.gstatic.com/firebasejs/11.6.1/firebase-functions.js","firestore":"https://www.gstatic.com/firebasejs/11.6.1/firebase-firestore.js","firestore/lite":"https://www.gstatic.com/firebasejs/11.6.1/firebase-firestore/lite.js","installations":"https://www.gstatic.com/firebasejs/11.6.1/firebase-installations.js","storage":"https://www.gstatic.com/firebasejs/11.6.1/firebase-storage.js","performance":"https://www.gstatic.com/firebasejs/11.6.1/firebase-performance.js","remote-config":"https://www.gstatic.com/firebasejs/11.6.1/firebase-remote-config.js","messaging":"https://www.gstatic.com/firebasejs/11.6.1/firebase-messaging.js","messaging/sw":"https://www.gstatic.com/firebasejs/11.6.1/firebase-messaging/sw.js","database":"https://www.gstatic.com/firebasejs/11.6.1/firebase-database.js","vertexai":"https://www.gstatic.com/firebasejs/11.6.1/firebase-vertexai.js","data-connect":"https://www.gstatic.com/firebasejs/11.6.1/firebase-data-connect.js","firestore.memory":"https://www.gstatic.com/firebasejs/11.6.1/firebase-firestore.memory.js"}}
[info] ✔  Wrote y/index.html 
[info] 
[info] i  Detected a .git folder at /Users/admin/Desktop/New Folder With Items/Painting Website/amitpaints 
[info] i  Authorizing with GitHub to upload your service account to a GitHub repository's secrets store. 
[info] 
[info] Visit this URL on this device to log in:
[info] https://github.com/login/oauth/authorize?client_id=89cf50f02ac6aaed3484&state=189670330&redirect_uri=http%3A%2F%2Flocalhost%3A9005&scope=read%3Auser%20repo%20public_repo
[info] 
[info] Waiting for authentication...
[debug] [2025-05-06T19:08:38.212Z] >>> [apiv2][query] POST https://github.com/login/oauth/access_token [none]
[debug] [2025-05-06T19:08:38.213Z] >>> [apiv2][body] POST https://github.com/login/oauth/access_token [stream]
[debug] [2025-05-06T19:08:38.499Z] <<< [apiv2][status] POST https://github.com/login/oauth/access_token 200
[debug] [2025-05-06T19:08:38.500Z] <<< [apiv2][body] POST https://github.com/login/oauth/access_token {"access_token":"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","token_type":"bearer","scope":"read:user,repo"}
[debug] [2025-05-06T19:08:38.559Z] >>> [apiv2][query] GET https://api.github.com/user [none]
[debug] [2025-05-06T19:08:39.018Z] <<< [apiv2][status] GET https://api.github.com/user 200
[debug] [2025-05-06T19:08:39.018Z] <<< [apiv2][body] GET https://api.github.com/user {"login":"pratishelar","id":39381420,"node_id":"MDQ6VXNlcjM5MzgxNDIw","avatar_url":"https://avatars.githubusercontent.com/u/39381420?v=4","gravatar_id":"","url":"https://api.github.com/users/pratishelar","html_url":"https://github.com/pratishelar","followers_url":"https://api.github.com/users/pratishelar/followers","following_url":"https://api.github.com/users/pratishelar/following{/other_user}","gists_url":"https://api.github.com/users/pratishelar/gists{/gist_id}","starred_url":"https://api.github.com/users/pratishelar/starred{/owner}{/repo}","subscriptions_url":"https://api.github.com/users/pratishelar/subscriptions","organizations_url":"https://api.github.com/users/pratishelar/orgs","repos_url":"https://api.github.com/users/pratishelar/repos","events_url":"https://api.github.com/users/pratishelar/events{/privacy}","received_events_url":"https://api.github.com/users/pratishelar/received_events","type":"User","user_view_type":"private","site_admin":false,"name":null,"company":null,"blog":"","location":null,"email":null,"hireable":null,"bio":null,"twitter_username":null,"notification_email":null,"public_repos":25,"public_gists":0,"followers":2,"following":1,"created_at":"2018-05-17T16:23:45Z","updated_at":"2025-05-03T17:27:33Z","private_gists":0,"total_private_repos":0,"owned_private_repos":0,"disk_usage":253225,"collaborators":0,"two_factor_authentication":false,"plan":{"name":"free","space":976562499,"collaborators":0,"private_repos":10000}}
[info] 
[info] ✔  Success! Logged into GitHub as pratishelar 
[info] 
